<?xml version="1.0" encoding="UTF-8"?>
<!-- Generated by org.testng.reporters.JUnitReportReporter -->
<testsuite hostname="onlinecomp-PC" failures="0" tests="1" name="testNG.ZerodhakiteAppTest" time="2.670" errors="0" timestamp="2021-12-21T13:59:53 IST" skipped="0">
  <testcase classname="testNG.ZerodhakiteAppTest" name="UserIDValid" time="2.670"/>
  <system-out>
    <![CDATA[Validating UserID
User ID Matching, TC 13 is passed
Taking screenshot]]>
  </system-out>
</testsuite> <!-- testNG.ZerodhakiteAppTest -->
